Name:            grosshaa_ha-web1_1508313061755_14615
Groups:          /
Guest OS:        Red Hat (64-bit)
UUID:            89201be9-975d-44a4-aee1-b1517e1b74b6
Config file:     /Users/grosshaa/VirtualBox VMs/grosshaa_ha-web1_1508313061755_14615/grosshaa_ha-web1_1508313061755_14615.vbox
Snapshot folder: /Users/grosshaa/VirtualBox VMs/grosshaa_ha-web1_1508313061755_14615/Snapshots
Log folder:      /Users/grosshaa/VirtualBox VMs/grosshaa_ha-web1_1508313061755_14615/Logs
Hardware UUID:   89201be9-975d-44a4-aee1-b1517e1b74b6
Memory size:     480MB
Page Fusion:     off
VRAM size:       8MB
CPU exec cap:    100%
HPET:            off
Chipset:         piix3
Firmware:        BIOS
Number of CPUs:  1
PAE:             on
Long Mode:       on
Triple Fault Reset: off
APIC:            on
X2APIC:          off
CPUID Portability Level: 0
CPUID overrides: None
Boot menu mode:  message and menu
Boot Device (1): HardDisk
Boot Device (2): DVD
Boot Device (3): Not Assigned
Boot Device (4): Not Assigned
ACPI:            on
IOAPIC:          on
BIOS APIC mode:  APIC
Time offset:     0ms
RTC:             UTC
Hardw. virt.ext: on
Nested Paging:   on
Large Pages:     on
VT-x VPID:       on
VT-x unr. exec.: on
Paravirt. Provider: Legacy
Effective Paravirt. Provider: None
State:           running (since 2017-10-18T07:51:04.223000000)
Monitor count:   1
3D Acceleration: off
2D Video Acceleration: off
Teleporter Enabled: off
Teleporter Port: 0
Teleporter Address: 
Teleporter Password: 
Tracing Enabled: off
Allow Tracing to Access VM: off
Tracing Configuration: 
Autostart Enabled: off
Autostart Delay: 0
Default Frontend: 
Storage Controller Name (0):            IDE Controller
Storage Controller Type (0):            PIIX4
Storage Controller Instance Number (0): 0
Storage Controller Max Port Count (0):  2
Storage Controller Port Count (0):      2
Storage Controller Bootable (0):        on
IDE Controller (0, 0): /Users/grosshaa/VirtualBox VMs/grosshaa_ha-web1_1508313061755_14615/packer-CentOS-6.5-x86_64-v20140504-disk1.vmdk (UUID: 90b50bf2-1707-4d18-aa2e-8740bdff22b2)
NIC 1:           MAC: 08002715D519, Attachment: NAT, Cable connected: on, Trace: off (file: none), Type: 82540EM, Reported speed: 0 Mbps, Boot priority: 0, Promisc Policy: deny, Bandwidth group: none
NIC 1 Settings:  MTU: 0, Socket (send: 64, receive: 64), TCP Window (send:64, receive: 64)
NIC 1 Rule(0):   name = ssh, protocol = tcp, host ip = , host port = 2523, guest ip = , guest port = 22
NIC 2:           MAC: 080027301373, Attachment: Bridged Interface 'en0: Wi-Fi (AirPort)', Cable connected: on, Trace: off (file: none), Type: 82540EM, Reported speed: 0 Mbps, Boot priority: 0, Promisc Policy: deny, Bandwidth group: none
NIC 3:           MAC: 08002754B84D, Attachment: Bridged Interface 'en0: Wi-Fi (AirPort)', Cable connected: on, Trace: off (file: none), Type: 82540EM, Reported speed: 0 Mbps, Boot priority: 0, Promisc Policy: deny, Bandwidth group: none
NIC 4:           MAC: 0800270B8C14, Attachment: Internal Network 'intnet', Cable connected: on, Trace: off (file: none), Type: 82540EM, Reported speed: 0 Mbps, Boot priority: 0, Promisc Policy: deny, Bandwidth group: none
NIC 5:           MAC: 08002711A77E, Attachment: Internal Network 'intnet', Cable connected: on, Trace: off (file: none), Type: 82540EM, Reported speed: 0 Mbps, Boot priority: 0, Promisc Policy: deny, Bandwidth group: none
NIC 6:           disabled
NIC 7:           disabled
NIC 8:           disabled
Pointing Device: PS/2 Mouse
Keyboard Device: PS/2 Keyboard
UART 1:          disabled
UART 2:          disabled
UART 3:          disabled
UART 4:          disabled
LPT 1:           disabled
LPT 2:           disabled
Audio:           disabled
Clipboard Mode:  disabled
Drag and drop Mode: disabled
Session name:    headless
Video mode:      720x400x0 at 0,0 enabled
VRDE:            disabled
USB:             disabled
EHCI:            disabled
XHCI:            disabled

USB Device Filters:

<none>

Available remote USB devices:

<none>

Currently Attached USB Devices:

<none>

Bandwidth groups:  <none>

Shared folders:  

Name: 'vagrant', Host path: '/Users/grosshaa/Ansible/myplaybooks/provisioning' (machine mapping), writable

VRDE Connection:    not active
Clients so far:     0

Video capturing:    not active
Capture screens:    0
Capture file:       /Users/grosshaa/VirtualBox VMs/grosshaa_ha-web1_1508313061755_14615/grosshaa_ha-web1_1508313061755_14615.webm
Capture dimensions: 1024x768
Capture rate:       512 kbps
Capture FPS:        25

Guest:

Configured memory balloon size:      0 MB
OS type:                             Linux26_64
Additions run level:                 2
Additions version:                   4.3.10 r93012


Guest Facilities:

Facility "VirtualBox Base Driver": active/running (last update: 2017/10/18 07:51:14 UTC)
Facility "VirtualBox System Service": active/running (last update: 2017/10/18 07:51:26 UTC)
Facility "Seamless Mode": not active (last update: 2017/10/18 07:51:14 UTC)
Facility "Graphics Mode": not active (last update: 2017/10/18 07:51:14 UTC)


